2023-12-23 19:28:22,524 ERROR LoggingFailureAnalysisReporter:40 - [] 

***************************
APPLICATION FAILED TO START
***************************

Description:

Web server failed to start. Port 8078 was already in use.

Action:

Identify and stop the process that's listening on port 8078 or configure this application to listen on another port.

2023-12-23 19:28:44,065 ERROR LoggingFailureAnalysisReporter:40 - [] 

***************************
APPLICATION FAILED TO START
***************************

Description:

Web server failed to start. Port 8078 was already in use.

Action:

Identify and stop the process that's listening on port 8078 or configure this application to listen on another port.

2023-12-23 19:28:56,681 ERROR LoggingFailureAnalysisReporter:40 - [] 

***************************
APPLICATION FAILED TO START
***************************

Description:

Web server failed to start. Port 8078 was already in use.

Action:

Identify and stop the process that's listening on port 8078 or configure this application to listen on another port.

2023-12-23 19:29:15,802 ERROR LoggingFailureAnalysisReporter:40 - [] 

***************************
APPLICATION FAILED TO START
***************************

Description:

Web server failed to start. Port 8078 was already in use.

Action:

Identify and stop the process that's listening on port 8078 or configure this application to listen on another port.

2023-12-23 19:29:49,580 ERROR LoggingFailureAnalysisReporter:40 - [] 

***************************
APPLICATION FAILED TO START
***************************

Description:

Web server failed to start. Port 8078 was already in use.

Action:

Identify and stop the process that's listening on port 8078 or configure this application to listen on another port.

